Determining if the include file winsock2.h exists failed with the following output:
Change Dir: /home/alexander/SimSpark/spark/build/CMakeFiles/CMakeTmp

Run Build Command:"/usr/bin/make" "cmTC_55e5d/fast"
/usr/bin/make -f CMakeFiles/cmTC_55e5d.dir/build.make CMakeFiles/cmTC_55e5d.dir/build
make[1]: se entra en el directorio '/home/alexander/SimSpark/spark/build/CMakeFiles/CMakeTmp'
Building C object CMakeFiles/cmTC_55e5d.dir/CheckIncludeFile.c.o
/usr/bin/cc     -o CMakeFiles/cmTC_55e5d.dir/CheckIncludeFile.c.o   -c /home/alexander/SimSpark/spark/build/CMakeFiles/CMakeTmp/CheckIncludeFile.c
/home/alexander/SimSpark/spark/build/CMakeFiles/CMakeTmp/CheckIncludeFile.c:1:22: fatal error: winsock2.h: No existe el archivo o el directorio
compilation terminated.
CMakeFiles/cmTC_55e5d.dir/build.make:65: fallo en las instrucciones para el objetivo 'CMakeFiles/cmTC_55e5d.dir/CheckIncludeFile.c.o'
make[1]: *** [CMakeFiles/cmTC_55e5d.dir/CheckIncludeFile.c.o] Error 1
make[1]: se sale del directorio '/home/alexander/SimSpark/spark/build/CMakeFiles/CMakeTmp'
Makefile:126: fallo en las instrucciones para el objetivo 'cmTC_55e5d/fast'
make: *** [cmTC_55e5d/fast] Error 2


Determining if the include file CoreFoundation/CoreFoundation.h exists failed with the following output:
Change Dir: /home/alexander/SimSpark/spark/build/CMakeFiles/CMakeTmp

Run Build Command:"/usr/bin/make" "cmTC_e9cd8/fast"
/usr/bin/make -f CMakeFiles/cmTC_e9cd8.dir/build.make CMakeFiles/cmTC_e9cd8.dir/build
make[1]: se entra en el directorio '/home/alexander/SimSpark/spark/build/CMakeFiles/CMakeTmp'
Building C object CMakeFiles/cmTC_e9cd8.dir/CheckIncludeFile.c.o
/usr/bin/cc     -o CMakeFiles/cmTC_e9cd8.dir/CheckIncludeFile.c.o   -c /home/alexander/SimSpark/spark/build/CMakeFiles/CMakeTmp/CheckIncludeFile.c
/home/alexander/SimSpark/spark/build/CMakeFiles/CMakeTmp/CheckIncludeFile.c:1:43: fatal error: CoreFoundation/CoreFoundation.h: No existe el archivo o el directorio
compilation terminated.
CMakeFiles/cmTC_e9cd8.dir/build.make:65: fallo en las instrucciones para el objetivo 'CMakeFiles/cmTC_e9cd8.dir/CheckIncludeFile.c.o'
make[1]: *** [CMakeFiles/cmTC_e9cd8.dir/CheckIncludeFile.c.o] Error 1
make[1]: se sale del directorio '/home/alexander/SimSpark/spark/build/CMakeFiles/CMakeTmp'
Makefile:126: fallo en las instrucciones para el objetivo 'cmTC_e9cd8/fast'
make: *** [cmTC_e9cd8/fast] Error 2


Determining if the pthread_create exist failed with the following output:
Change Dir: /home/alexander/SimSpark/spark/build/CMakeFiles/CMakeTmp

Run Build Command:"/usr/bin/make" "cmTC_a939f/fast"
/usr/bin/make -f CMakeFiles/cmTC_a939f.dir/build.make CMakeFiles/cmTC_a939f.dir/build
make[1]: se entra en el directorio '/home/alexander/SimSpark/spark/build/CMakeFiles/CMakeTmp'
Building C object CMakeFiles/cmTC_a939f.dir/CheckSymbolExists.c.o
/usr/bin/cc     -o CMakeFiles/cmTC_a939f.dir/CheckSymbolExists.c.o   -c /home/alexander/SimSpark/spark/build/CMakeFiles/CMakeTmp/CheckSymbolExists.c
Linking C executable cmTC_a939f
/usr/bin/cmake -E cmake_link_script CMakeFiles/cmTC_a939f.dir/link.txt --verbose=1
/usr/bin/cc       CMakeFiles/cmTC_a939f.dir/CheckSymbolExists.c.o  -o cmTC_a939f -rdynamic 
CMakeFiles/cmTC_a939f.dir/CheckSymbolExists.c.o: En la función `main':
CheckSymbolExists.c:(.text+0x16): referencia a `pthread_create' sin definir
collect2: error: ld returned 1 exit status
CMakeFiles/cmTC_a939f.dir/build.make:97: fallo en las instrucciones para el objetivo 'cmTC_a939f'
make[1]: *** [cmTC_a939f] Error 1
make[1]: se sale del directorio '/home/alexander/SimSpark/spark/build/CMakeFiles/CMakeTmp'
Makefile:126: fallo en las instrucciones para el objetivo 'cmTC_a939f/fast'
make: *** [cmTC_a939f/fast] Error 2

File /home/alexander/SimSpark/spark/build/CMakeFiles/CMakeTmp/CheckSymbolExists.c:
/* */
#include <pthread.h>

int main(int argc, char** argv)
{
  (void)argv;
#ifndef pthread_create
  return ((int*)(&pthread_create))[argc];
#else
  (void)argc;
  return 0;
#endif
}

Determining if the function pthread_create exists in the pthreads failed with the following output:
Change Dir: /home/alexander/SimSpark/spark/build/CMakeFiles/CMakeTmp

Run Build Command:"/usr/bin/make" "cmTC_b516a/fast"
/usr/bin/make -f CMakeFiles/cmTC_b516a.dir/build.make CMakeFiles/cmTC_b516a.dir/build
make[1]: se entra en el directorio '/home/alexander/SimSpark/spark/build/CMakeFiles/CMakeTmp'
Building C object CMakeFiles/cmTC_b516a.dir/CheckFunctionExists.c.o
/usr/bin/cc    -DCHECK_FUNCTION_EXISTS=pthread_create   -o CMakeFiles/cmTC_b516a.dir/CheckFunctionExists.c.o   -c /usr/share/cmake-3.5/Modules/CheckFunctionExists.c
Linking C executable cmTC_b516a
/usr/bin/cmake -E cmake_link_script CMakeFiles/cmTC_b516a.dir/link.txt --verbose=1
/usr/bin/cc   -DCHECK_FUNCTION_EXISTS=pthread_create    CMakeFiles/cmTC_b516a.dir/CheckFunctionExists.c.o  -o cmTC_b516a -rdynamic -lpthreads 
/usr/bin/ld: no se puede encontrar -lpthreads
collect2: error: ld returned 1 exit status
CMakeFiles/cmTC_b516a.dir/build.make:97: fallo en las instrucciones para el objetivo 'cmTC_b516a'
make[1]: *** [cmTC_b516a] Error 1
make[1]: se sale del directorio '/home/alexander/SimSpark/spark/build/CMakeFiles/CMakeTmp'
Makefile:126: fallo en las instrucciones para el objetivo 'cmTC_b516a/fast'
make: *** [cmTC_b516a/fast] Error 2


Determining if the Q_WS_WIN exist failed with the following output:
Change Dir: /home/alexander/SimSpark/spark/build/CMakeFiles/CMakeTmp

Run Build Command:"/usr/bin/make" "cmTC_223df/fast"
/usr/bin/make -f CMakeFiles/cmTC_223df.dir/build.make CMakeFiles/cmTC_223df.dir/build
make[1]: se entra en el directorio '/home/alexander/SimSpark/spark/build/CMakeFiles/CMakeTmp'
Building CXX object CMakeFiles/cmTC_223df.dir/CheckSymbolExists.cxx.o
/usr/bin/c++    -I/usr/include/qt4   -o CMakeFiles/cmTC_223df.dir/CheckSymbolExists.cxx.o -c /home/alexander/SimSpark/spark/build/CMakeFiles/CMakeTmp/CheckSymbolExists.cxx
/home/alexander/SimSpark/spark/build/CMakeFiles/CMakeTmp/CheckSymbolExists.cxx: In function ‘int main(int, char**)’:
/home/alexander/SimSpark/spark/build/CMakeFiles/CMakeTmp/CheckSymbolExists.cxx:8:19: error: ‘Q_WS_WIN’ was not declared in this scope
   return ((int*)(&Q_WS_WIN))[argc];
                   ^
CMakeFiles/cmTC_223df.dir/build.make:65: fallo en las instrucciones para el objetivo 'CMakeFiles/cmTC_223df.dir/CheckSymbolExists.cxx.o'
make[1]: *** [CMakeFiles/cmTC_223df.dir/CheckSymbolExists.cxx.o] Error 1
make[1]: se sale del directorio '/home/alexander/SimSpark/spark/build/CMakeFiles/CMakeTmp'
Makefile:126: fallo en las instrucciones para el objetivo 'cmTC_223df/fast'
make: *** [cmTC_223df/fast] Error 2

File /home/alexander/SimSpark/spark/build/CMakeFiles/CMakeTmp/CheckSymbolExists.cxx:
/* */
#include <QtCore/qglobal.h>

int main(int argc, char** argv)
{
  (void)argv;
#ifndef Q_WS_WIN
  return ((int*)(&Q_WS_WIN))[argc];
#else
  (void)argc;
  return 0;
#endif
}

Determining if the Q_WS_QWS exist failed with the following output:
Change Dir: /home/alexander/SimSpark/spark/build/CMakeFiles/CMakeTmp

Run Build Command:"/usr/bin/make" "cmTC_8928c/fast"
/usr/bin/make -f CMakeFiles/cmTC_8928c.dir/build.make CMakeFiles/cmTC_8928c.dir/build
make[1]: se entra en el directorio '/home/alexander/SimSpark/spark/build/CMakeFiles/CMakeTmp'
Building CXX object CMakeFiles/cmTC_8928c.dir/CheckSymbolExists.cxx.o
/usr/bin/c++    -I/usr/include/qt4   -o CMakeFiles/cmTC_8928c.dir/CheckSymbolExists.cxx.o -c /home/alexander/SimSpark/spark/build/CMakeFiles/CMakeTmp/CheckSymbolExists.cxx
/home/alexander/SimSpark/spark/build/CMakeFiles/CMakeTmp/CheckSymbolExists.cxx: In function ‘int main(int, char**)’:
/home/alexander/SimSpark/spark/build/CMakeFiles/CMakeTmp/CheckSymbolExists.cxx:8:19: error: ‘Q_WS_QWS’ was not declared in this scope
   return ((int*)(&Q_WS_QWS))[argc];
                   ^
CMakeFiles/cmTC_8928c.dir/build.make:65: fallo en las instrucciones para el objetivo 'CMakeFiles/cmTC_8928c.dir/CheckSymbolExists.cxx.o'
make[1]: *** [CMakeFiles/cmTC_8928c.dir/CheckSymbolExists.cxx.o] Error 1
make[1]: se sale del directorio '/home/alexander/SimSpark/spark/build/CMakeFiles/CMakeTmp'
Makefile:126: fallo en las instrucciones para el objetivo 'cmTC_8928c/fast'
make: *** [cmTC_8928c/fast] Error 2

File /home/alexander/SimSpark/spark/build/CMakeFiles/CMakeTmp/CheckSymbolExists.cxx:
/* */
#include <QtCore/qglobal.h>

int main(int argc, char** argv)
{
  (void)argv;
#ifndef Q_WS_QWS
  return ((int*)(&Q_WS_QWS))[argc];
#else
  (void)argc;
  return 0;
#endif
}

Determining if the Q_WS_MAC exist failed with the following output:
Change Dir: /home/alexander/SimSpark/spark/build/CMakeFiles/CMakeTmp

Run Build Command:"/usr/bin/make" "cmTC_33255/fast"
/usr/bin/make -f CMakeFiles/cmTC_33255.dir/build.make CMakeFiles/cmTC_33255.dir/build
make[1]: se entra en el directorio '/home/alexander/SimSpark/spark/build/CMakeFiles/CMakeTmp'
Building CXX object CMakeFiles/cmTC_33255.dir/CheckSymbolExists.cxx.o
/usr/bin/c++    -I/usr/include/qt4   -o CMakeFiles/cmTC_33255.dir/CheckSymbolExists.cxx.o -c /home/alexander/SimSpark/spark/build/CMakeFiles/CMakeTmp/CheckSymbolExists.cxx
/home/alexander/SimSpark/spark/build/CMakeFiles/CMakeTmp/CheckSymbolExists.cxx: In function ‘int main(int, char**)’:
/home/alexander/SimSpark/spark/build/CMakeFiles/CMakeTmp/CheckSymbolExists.cxx:8:19: error: ‘Q_WS_MAC’ was not declared in this scope
   return ((int*)(&Q_WS_MAC))[argc];
                   ^
CMakeFiles/cmTC_33255.dir/build.make:65: fallo en las instrucciones para el objetivo 'CMakeFiles/cmTC_33255.dir/CheckSymbolExists.cxx.o'
make[1]: *** [CMakeFiles/cmTC_33255.dir/CheckSymbolExists.cxx.o] Error 1
make[1]: se sale del directorio '/home/alexander/SimSpark/spark/build/CMakeFiles/CMakeTmp'
Makefile:126: fallo en las instrucciones para el objetivo 'cmTC_33255/fast'
make: *** [cmTC_33255/fast] Error 2

File /home/alexander/SimSpark/spark/build/CMakeFiles/CMakeTmp/CheckSymbolExists.cxx:
/* */
#include <QtCore/qglobal.h>

int main(int argc, char** argv)
{
  (void)argv;
#ifndef Q_WS_MAC
  return ((int*)(&Q_WS_MAC))[argc];
#else
  (void)argc;
  return 0;
#endif
}

Determining if the function strupr exists failed with the following output:
Change Dir: /home/alexander/SimSpark/spark/build/CMakeFiles/CMakeTmp

Run Build Command:"/usr/bin/make" "cmTC_6c902/fast"
/usr/bin/make -f CMakeFiles/cmTC_6c902.dir/build.make CMakeFiles/cmTC_6c902.dir/build
make[1]: se entra en el directorio '/home/alexander/SimSpark/spark/build/CMakeFiles/CMakeTmp'
Building C object CMakeFiles/cmTC_6c902.dir/CheckFunctionExists.c.o
/usr/bin/cc    -DCHECK_FUNCTION_EXISTS=strupr   -o CMakeFiles/cmTC_6c902.dir/CheckFunctionExists.c.o   -c /usr/share/cmake-3.5/Modules/CheckFunctionExists.c
Linking C executable cmTC_6c902
/usr/bin/cmake -E cmake_link_script CMakeFiles/cmTC_6c902.dir/link.txt --verbose=1
/usr/bin/cc   -DCHECK_FUNCTION_EXISTS=strupr    CMakeFiles/cmTC_6c902.dir/CheckFunctionExists.c.o  -o cmTC_6c902 -rdynamic 
CMakeFiles/cmTC_6c902.dir/CheckFunctionExists.c.o: En la función `main':
CheckFunctionExists.c:(.text+0x15): referencia a `strupr' sin definir
collect2: error: ld returned 1 exit status
CMakeFiles/cmTC_6c902.dir/build.make:97: fallo en las instrucciones para el objetivo 'cmTC_6c902'
make[1]: *** [cmTC_6c902] Error 1
make[1]: se sale del directorio '/home/alexander/SimSpark/spark/build/CMakeFiles/CMakeTmp'
Makefile:126: fallo en las instrucciones para el objetivo 'cmTC_6c902/fast'
make: *** [cmTC_6c902/fast] Error 2


